ARM GAS  C:\Users\james\AppData\Local\Temp\ccfvRvO3.s 			page 1


   1              		.cpu cortex-m3
   2              		.arch armv7-m
   3              		.fpu softvfp
   4              		.eabi_attribute 20, 1
   5              		.eabi_attribute 21, 1
   6              		.eabi_attribute 23, 3
   7              		.eabi_attribute 24, 1
   8              		.eabi_attribute 25, 1
   9              		.eabi_attribute 26, 1
  10              		.eabi_attribute 30, 1
  11              		.eabi_attribute 34, 1
  12              		.eabi_attribute 18, 4
  13              		.file	"software_timer.c"
  14              		.text
  15              	.Ltext0:
  16              		.cfi_sections	.debug_frame
  17              		.section	.text.setTimer1,"ax",%progbits
  18              		.align	1
  19              		.global	setTimer1
  20              		.syntax unified
  21              		.thumb
  22              		.thumb_func
  24              	setTimer1:
  25              	.LVL0:
  26              	.LFB0:
  27              		.file 1 "Core/Src/software_timer.c"
   1:Core/Src/software_timer.c **** /*
   2:Core/Src/software_timer.c ****  * software_timer.c
   3:Core/Src/software_timer.c ****  *
   4:Core/Src/software_timer.c ****  *  Created on: Sep 24, 2022
   5:Core/Src/software_timer.c ****  *      Author: KAI
   6:Core/Src/software_timer.c ****  */
   7:Core/Src/software_timer.c **** 
   8:Core/Src/software_timer.c **** #include "software_timer.h"
   9:Core/Src/software_timer.c **** 
  10:Core/Src/software_timer.c **** int timer1_counter = 0;
  11:Core/Src/software_timer.c **** int timer1_flag = 0;
  12:Core/Src/software_timer.c **** 
  13:Core/Src/software_timer.c **** int timer2_counter = 0;
  14:Core/Src/software_timer.c **** int timer2_flag = 0;
  15:Core/Src/software_timer.c **** 
  16:Core/Src/software_timer.c **** void setTimer1(int duration){
  28              		.loc 1 16 29 view -0
  29              		.cfi_startproc
  30              		@ args = 0, pretend = 0, frame = 0
  31              		@ frame_needed = 0, uses_anonymous_args = 0
  32              		@ link register save eliminated.
  17:Core/Src/software_timer.c **** 	timer1_counter = duration;
  33              		.loc 1 17 2 view .LVU1
  34              		.loc 1 17 17 is_stmt 0 view .LVU2
  35 0000 024B     		ldr	r3, .L2
  36 0002 1860     		str	r0, [r3]
  18:Core/Src/software_timer.c **** 	timer1_flag = 0;
  37              		.loc 1 18 2 is_stmt 1 view .LVU3
  38              		.loc 1 18 14 is_stmt 0 view .LVU4
  39 0004 024B     		ldr	r3, .L2+4
  40 0006 0022     		movs	r2, #0
ARM GAS  C:\Users\james\AppData\Local\Temp\ccfvRvO3.s 			page 2


  41 0008 1A60     		str	r2, [r3]
  19:Core/Src/software_timer.c **** }
  42              		.loc 1 19 1 view .LVU5
  43 000a 7047     		bx	lr
  44              	.L3:
  45              		.align	2
  46              	.L2:
  47 000c 00000000 		.word	.LANCHOR0
  48 0010 00000000 		.word	.LANCHOR1
  49              		.cfi_endproc
  50              	.LFE0:
  52              		.section	.text.setTimer2,"ax",%progbits
  53              		.align	1
  54              		.global	setTimer2
  55              		.syntax unified
  56              		.thumb
  57              		.thumb_func
  59              	setTimer2:
  60              	.LVL1:
  61              	.LFB1:
  20:Core/Src/software_timer.c **** 
  21:Core/Src/software_timer.c **** void setTimer2(int duration){
  62              		.loc 1 21 29 is_stmt 1 view -0
  63              		.cfi_startproc
  64              		@ args = 0, pretend = 0, frame = 0
  65              		@ frame_needed = 0, uses_anonymous_args = 0
  66              		@ link register save eliminated.
  22:Core/Src/software_timer.c **** 	timer2_counter = duration;
  67              		.loc 1 22 2 view .LVU7
  68              		.loc 1 22 17 is_stmt 0 view .LVU8
  69 0000 024B     		ldr	r3, .L5
  70 0002 1860     		str	r0, [r3]
  23:Core/Src/software_timer.c **** 	timer2_flag = 0;
  71              		.loc 1 23 2 is_stmt 1 view .LVU9
  72              		.loc 1 23 14 is_stmt 0 view .LVU10
  73 0004 024B     		ldr	r3, .L5+4
  74 0006 0022     		movs	r2, #0
  75 0008 1A60     		str	r2, [r3]
  24:Core/Src/software_timer.c **** }
  76              		.loc 1 24 1 view .LVU11
  77 000a 7047     		bx	lr
  78              	.L6:
  79              		.align	2
  80              	.L5:
  81 000c 00000000 		.word	.LANCHOR2
  82 0010 00000000 		.word	.LANCHOR3
  83              		.cfi_endproc
  84              	.LFE1:
  86              		.section	.text.timerRun,"ax",%progbits
  87              		.align	1
  88              		.global	timerRun
  89              		.syntax unified
  90              		.thumb
  91              		.thumb_func
  93              	timerRun:
  94              	.LFB2:
  25:Core/Src/software_timer.c **** 
ARM GAS  C:\Users\james\AppData\Local\Temp\ccfvRvO3.s 			page 3


  26:Core/Src/software_timer.c **** void timerRun(){
  95              		.loc 1 26 16 is_stmt 1 view -0
  96              		.cfi_startproc
  97              		@ args = 0, pretend = 0, frame = 0
  98              		@ frame_needed = 0, uses_anonymous_args = 0
  99              		@ link register save eliminated.
  27:Core/Src/software_timer.c **** 	if(timer1_counter > 0){
 100              		.loc 1 27 2 view .LVU13
 101              		.loc 1 27 20 is_stmt 0 view .LVU14
 102 0000 0D4B     		ldr	r3, .L12
 103 0002 1B68     		ldr	r3, [r3]
 104              		.loc 1 27 4 view .LVU15
 105 0004 002B     		cmp	r3, #0
 106 0006 04DD     		ble	.L8
  28:Core/Src/software_timer.c **** 		timer1_counter--;
 107              		.loc 1 28 3 is_stmt 1 view .LVU16
 108              		.loc 1 28 17 is_stmt 0 view .LVU17
 109 0008 013B     		subs	r3, r3, #1
 110 000a 0B4A     		ldr	r2, .L12
 111 000c 1360     		str	r3, [r2]
  29:Core/Src/software_timer.c **** 		if(timer1_counter <= 0){
 112              		.loc 1 29 3 is_stmt 1 view .LVU18
 113              		.loc 1 29 5 is_stmt 0 view .LVU19
 114 000e 002B     		cmp	r3, #0
 115 0010 09DD     		ble	.L10
 116              	.L8:
  30:Core/Src/software_timer.c **** 			timer1_flag = 1;
  31:Core/Src/software_timer.c **** 		}
  32:Core/Src/software_timer.c **** 	}
  33:Core/Src/software_timer.c **** 
  34:Core/Src/software_timer.c **** 	if(timer2_counter > 0){
 117              		.loc 1 34 2 is_stmt 1 view .LVU20
 118              		.loc 1 34 20 is_stmt 0 view .LVU21
 119 0012 0A4B     		ldr	r3, .L12+4
 120 0014 1B68     		ldr	r3, [r3]
 121              		.loc 1 34 4 view .LVU22
 122 0016 002B     		cmp	r3, #0
 123 0018 04DD     		ble	.L7
  35:Core/Src/software_timer.c **** 		timer2_counter--;
 124              		.loc 1 35 3 is_stmt 1 view .LVU23
 125              		.loc 1 35 17 is_stmt 0 view .LVU24
 126 001a 013B     		subs	r3, r3, #1
 127 001c 074A     		ldr	r2, .L12+4
 128 001e 1360     		str	r3, [r2]
  36:Core/Src/software_timer.c **** 		if(timer2_counter <= 0){
 129              		.loc 1 36 3 is_stmt 1 view .LVU25
 130              		.loc 1 36 5 is_stmt 0 view .LVU26
 131 0020 002B     		cmp	r3, #0
 132 0022 04DD     		ble	.L11
 133              	.L7:
  37:Core/Src/software_timer.c **** 			timer2_flag = 1;
  38:Core/Src/software_timer.c **** 		}
  39:Core/Src/software_timer.c **** 	}
  40:Core/Src/software_timer.c **** }
 134              		.loc 1 40 1 view .LVU27
 135 0024 7047     		bx	lr
 136              	.L10:
ARM GAS  C:\Users\james\AppData\Local\Temp\ccfvRvO3.s 			page 4


  30:Core/Src/software_timer.c **** 		}
 137              		.loc 1 30 4 is_stmt 1 view .LVU28
  30:Core/Src/software_timer.c **** 		}
 138              		.loc 1 30 16 is_stmt 0 view .LVU29
 139 0026 064B     		ldr	r3, .L12+8
 140 0028 0122     		movs	r2, #1
 141 002a 1A60     		str	r2, [r3]
 142 002c F1E7     		b	.L8
 143              	.L11:
  37:Core/Src/software_timer.c **** 			timer2_flag = 1;
 144              		.loc 1 37 4 is_stmt 1 view .LVU30
  37:Core/Src/software_timer.c **** 			timer2_flag = 1;
 145              		.loc 1 37 16 is_stmt 0 view .LVU31
 146 002e 054B     		ldr	r3, .L12+12
 147 0030 0122     		movs	r2, #1
 148 0032 1A60     		str	r2, [r3]
 149              		.loc 1 40 1 view .LVU32
 150 0034 F6E7     		b	.L7
 151              	.L13:
 152 0036 00BF     		.align	2
 153              	.L12:
 154 0038 00000000 		.word	.LANCHOR0
 155 003c 00000000 		.word	.LANCHOR2
 156 0040 00000000 		.word	.LANCHOR1
 157 0044 00000000 		.word	.LANCHOR3
 158              		.cfi_endproc
 159              	.LFE2:
 161              		.global	timer2_flag
 162              		.global	timer2_counter
 163              		.global	timer1_flag
 164              		.global	timer1_counter
 165              		.section	.bss.timer1_counter,"aw",%nobits
 166              		.align	2
 167              		.set	.LANCHOR0,. + 0
 170              	timer1_counter:
 171 0000 00000000 		.space	4
 172              		.section	.bss.timer1_flag,"aw",%nobits
 173              		.align	2
 174              		.set	.LANCHOR1,. + 0
 177              	timer1_flag:
 178 0000 00000000 		.space	4
 179              		.section	.bss.timer2_counter,"aw",%nobits
 180              		.align	2
 181              		.set	.LANCHOR2,. + 0
 184              	timer2_counter:
 185 0000 00000000 		.space	4
 186              		.section	.bss.timer2_flag,"aw",%nobits
 187              		.align	2
 188              		.set	.LANCHOR3,. + 0
 191              	timer2_flag:
 192 0000 00000000 		.space	4
 193              		.text
 194              	.Letext0:
 195              		.file 2 "Core/Inc/software_timer.h"
ARM GAS  C:\Users\james\AppData\Local\Temp\ccfvRvO3.s 			page 5


DEFINED SYMBOLS
                            *ABS*:00000000 software_timer.c
C:\Users\james\AppData\Local\Temp\ccfvRvO3.s:18     .text.setTimer1:00000000 $t
C:\Users\james\AppData\Local\Temp\ccfvRvO3.s:24     .text.setTimer1:00000000 setTimer1
C:\Users\james\AppData\Local\Temp\ccfvRvO3.s:47     .text.setTimer1:0000000c $d
C:\Users\james\AppData\Local\Temp\ccfvRvO3.s:53     .text.setTimer2:00000000 $t
C:\Users\james\AppData\Local\Temp\ccfvRvO3.s:59     .text.setTimer2:00000000 setTimer2
C:\Users\james\AppData\Local\Temp\ccfvRvO3.s:81     .text.setTimer2:0000000c $d
C:\Users\james\AppData\Local\Temp\ccfvRvO3.s:87     .text.timerRun:00000000 $t
C:\Users\james\AppData\Local\Temp\ccfvRvO3.s:93     .text.timerRun:00000000 timerRun
C:\Users\james\AppData\Local\Temp\ccfvRvO3.s:154    .text.timerRun:00000038 $d
C:\Users\james\AppData\Local\Temp\ccfvRvO3.s:191    .bss.timer2_flag:00000000 timer2_flag
C:\Users\james\AppData\Local\Temp\ccfvRvO3.s:184    .bss.timer2_counter:00000000 timer2_counter
C:\Users\james\AppData\Local\Temp\ccfvRvO3.s:177    .bss.timer1_flag:00000000 timer1_flag
C:\Users\james\AppData\Local\Temp\ccfvRvO3.s:170    .bss.timer1_counter:00000000 timer1_counter
C:\Users\james\AppData\Local\Temp\ccfvRvO3.s:166    .bss.timer1_counter:00000000 $d
C:\Users\james\AppData\Local\Temp\ccfvRvO3.s:173    .bss.timer1_flag:00000000 $d
C:\Users\james\AppData\Local\Temp\ccfvRvO3.s:180    .bss.timer2_counter:00000000 $d
C:\Users\james\AppData\Local\Temp\ccfvRvO3.s:187    .bss.timer2_flag:00000000 $d

NO UNDEFINED SYMBOLS
